[0m00:57:50.323305 [debug] [MainThread]: Sending event: {'category': 'dbt', 'action': 'invocation', 'label': 'start', 'context': [<snowplow_tracker.self_describing_json.SelfDescribingJson object at 0x1120423e0>, <snowplow_tracker.self_describing_json.SelfDescribingJson object at 0x112ffdf00>, <snowplow_tracker.self_describing_json.SelfDescribingJson object at 0x112ffe620>]}


============================== 00:57:50.328273 | aeecb7b2-b082-4526-a644-30d3611fdc46 ==============================
[0m00:57:50.328273 [info ] [MainThread]: Running with dbt=1.10.11
[0m00:57:50.328827 [debug] [MainThread]: running dbt with arguments {'quiet': 'False', 'invocation_command': 'dbt init', 'no_print': 'None', 'cache_selected_only': 'False', 'introspect': 'True', 'log_format': 'default', 'write_json': 'True', 'log_path': 'logs', 'log_cache_events': 'False', 'target_path': 'None', 'static_parser': 'True', 'warn_error_options': 'WarnErrorOptionsV2(error=[], warn=[], silence=[])', 'use_colors': 'True', 'partial_parse': 'True', 'use_experimental_parser': 'False', 'profiles_dir': '/Users/richaldoelias/.dbt', 'version_check': 'True', 'empty': 'None', 'send_anonymous_usage_stats': 'True', 'warn_error': 'None', 'printer_width': '80', 'fail_fast': 'False', 'debug': 'False', 'indirect_selection': 'eager'}
[0m00:57:50.339581 [info ] [MainThread]: Creating dbt configuration folder at /Users/richaldoelias/.dbt
[0m00:58:27.905549 [debug] [MainThread]: Starter project path: /Users/richaldoelias/opt/anaconda3/envs/data_eng/lib/python3.10/site-packages/dbt/include/starter_project
[0m00:58:27.921297 [info ] [MainThread]: 
Your new dbt project "datalakehouse" was created!

For more information on how to configure the profiles.yml file,
please consult the dbt documentation here:

  https://docs.getdbt.com/docs/configure-your-profile

One more thing:

Need help? Don't hesitate to reach out to us via GitHub issues or on Slack:

  https://community.getdbt.com/

Happy modeling!

[0m00:58:27.923132 [info ] [MainThread]: Setting up your profile.
[0m01:02:14.337713 [info ] [MainThread]: Profile datalakehouse written to /Users/richaldoelias/.dbt/profiles.yml using target's profile_template.yml and your supplied values. Run 'dbt debug' to validate the connection.
[0m01:02:15.047598 [debug] [MainThread]: Resource report: {"command_name": "init", "command_success": true, "command_wall_clock_time": 264.82602, "process_in_blocks": "0", "process_kernel_time": 0.694186, "process_mem_max_rss": "97693696", "process_out_blocks": "0", "process_user_time": 1.092387}
[0m01:02:15.052509 [debug] [MainThread]: Command `dbt init` succeeded at 01:02:15.049966 after 264.83 seconds
[0m01:02:15.055503 [debug] [MainThread]: Sending event: {'category': 'dbt', 'action': 'invocation', 'label': 'end', 'context': [<snowplow_tracker.self_describing_json.SelfDescribingJson object at 0x1120423e0>, <snowplow_tracker.self_describing_json.SelfDescribingJson object at 0x112ffce20>, <snowplow_tracker.self_describing_json.SelfDescribingJson object at 0x112ffd330>]}
[0m01:02:15.058410 [debug] [MainThread]: Flushing usage events
[0m01:02:16.535228 [debug] [MainThread]: An error was encountered while trying to flush usage events
